<?xml version="1.0" encoding="UTF-8"?>
<testsuite name="de.cect.blockid.identitymanager.IdentityManagerApplicationTests" time="1.205" tests="3" errors="0" skipped="0" failures="0">
  <properties>
[...]
</properties>
  <testcase name="testSignatureAlgorithmPositive" classname="de.cect.blockid.identitymanager.IdentityManagerApplicationTests" time="1.089"/>
  <testcase name="testCryptoUtilsFullScenarioPositive" classname="de.cect.blockid.identitymanager.IdentityManagerApplicationTests" time="0.114"/>
  <testcase name="contextLoads" classname="de.cect.blockid.identitymanager.IdentityManagerApplicationTests" time="0.002"/>
</testsuite>